Sync gitlab projects. waiting for https://gitlab.trgdev.com/api/v4
https://gitlab.trgdev.com/qa/seleniferous.git: https://gitlab.trgdev.com/typhoon-lite/marketplace_categories/ebay_categories.git
https://gitlab.trgdev.com/infrastructure/gitops/terraform-modules.git: https://gitlab.trgdev.com/typhoon-lite/marketplace_categories/ebay_categories.git
https://gitlab.trgdev.com/typhoon-lite/recommended-categories.git: https://gitlab.trgdev.com/typhoon-lite/marketplace_categories/ebay_categories.git
https://gitlab.trgdev.com/typhoon-lite/best-working-project.git: https://gitlab.trgdev.com/typhoon-lite/marketplace_categories/ebay_categories.git
https://gitlab.trgdev.com/typhoon-lite/gotyphoon/data-management-tools.git: https://gitlab.trgdev.com/typhoon-lite/marketplace_categories/ebay_categories.git
https://gitlab.trgdev.com/typhoon-lite/kubernetes/nsq-exporter.git: https://gitlab.trgdev.com/typhoon-lite/marketplace_categories/ebay_categories.git
https://gitlab.trgdev.com/qa/autotests-statistics.git: https://gitlab.trgdev.com/typhoon-lite/marketplace_categories/ebay_categories.git
https://gitlab.trgdev.com/typhoon-lite/scheduler-projects.git: https://gitlab.trgdev.com/typhoon-lite/marketplace_categories/ebay_categories.git
https://gitlab.trgdev.com/typhoon-lite/target-com-api.git: https://gitlab.trgdev.com/typhoon-lite/marketplace_categories/ebay_categories.git
https://gitlab.trgdev.com/typhoon-lite/bestbuy-com-api.git: https://gitlab.trgdev.com/typhoon-lite/marketplace_categories/ebay_categories.git
https://gitlab.trgdev.com/typhoon-lite/marketplace_categories/target_categories.git: https://gitlab.trgdev.com/typhoon-lite/marketplace_categories/ebay_categories.git
https://gitlab.trgdev.com/asosnin/scripts.git: https://gitlab.trgdev.com/typhoon-lite/marketplace_categories/ebay_categories.git
https://gitlab.trgdev.com/typhoon-lite/kubernetes/nsq.git: https://gitlab.trgdev.com/typhoon-lite/marketplace_categories/ebay_categories.git
https://gitlab.trgdev.com/typhoon-lite/newegg-ca.git: https://gitlab.trgdev.com/typhoon-lite/marketplace_categories/ebay_categories.git
https://gitlab.trgdev.com/typhoon-lite/marketplace_categories/newegg-ca.git: https://gitlab.trgdev.com/typhoon-lite/marketplace_categories/ebay_categories.git
https://gitlab.trgdev.com/typhoon-lite/marketplace_categories/thestore-categories.git: https://gitlab.trgdev.com/typhoon-lite/marketplace_categories/ebay_categories.git
https://gitlab.trgdev.com/typhoon-lite/ebay_mobile_api.git: https://gitlab.trgdev.com/typhoon-lite/marketplace_categories/ebay_categories.git
https://gitlab.trgdev.com/typhoon-lite/typhoon-broadcast.git: https://gitlab.trgdev.com/typhoon-lite/marketplace_categories/ebay_categories.git
https://gitlab.trgdev.com/typhoon-lite/upcitemdb.git: https://gitlab.trgdev.com/typhoon-lite/marketplace_categories/ebay_categories.git
https://gitlab.trgdev.com/typhoon-lite/typhoon.git: https://gitlab.trgdev.com/typhoon-lite/marketplace_categories/ebay_categories.git
https://gitlab.trgdev.com/typhoon-lite/marketplace_categories/ebay_categories.git: https://gitlab.trgdev.com/typhoon-lite/marketplace_categories/ebay_categories.git
https://gitlab.trgdev.com/typhoon-lite/discovery.git: https://gitlab.trgdev.com/typhoon-lite/marketplace_categories/ebay_categories.git
https://gitlab.trgdev.com/typhoon-lite/windows-project.git: https://gitlab.trgdev.com/typhoon-lite/marketplace_categories/ebay_categories.git
https://gitlab.trgdev.com/typhoon-lite/typhoon-deploy.git: https://gitlab.trgdev.com/typhoon-lite/marketplace_categories/ebay_categories.git
https://gitlab.trgdev.com/pages/plain-html.git: https://gitlab.trgdev.com/typhoon-lite/marketplace_categories/ebay_categories.git
https://gitlab.trgdev.com/typhoon-lite/marketplace_categories/bestbuy_categories.git: https://gitlab.trgdev.com/typhoon-lite/marketplace_categories/ebay_categories.git
https://gitlab.trgdev.com/infrastructure/dockers/wodby/opensmtpd.git: https://gitlab.trgdev.com/typhoon-lite/marketplace_categories/ebay_categories.git
https://gitlab.trgdev.com/infrastructure/dockers/wodby/wordpress-php.git: https://gitlab.trgdev.com/typhoon-lite/marketplace_categories/ebay_categories.git
https://gitlab.trgdev.com/infrastructure/dockers/wodby/wordpress.git: https://gitlab.trgdev.com/typhoon-lite/marketplace_categories/ebay_categories.git
https://gitlab.trgdev.com/infrastructure/dockers/wodby/nginx.git: https://gitlab.trgdev.com/typhoon-lite/marketplace_categories/ebay_categories.git
https://gitlab.trgdev.com/infrastructure/dockers/wodby/php.git: https://gitlab.trgdev.com/typhoon-lite/marketplace_categories/ebay_categories.git
https://gitlab.trgdev.com/typhoon-lite/gotyphoon/cli.git: https://gitlab.trgdev.com/typhoon-lite/marketplace_categories/ebay_categories.git
https://gitlab.trgdev.com/typhoon-lite/marketplace_categories/keepa_categories.git: https://gitlab.trgdev.com/typhoon-lite/marketplace_categories/ebay_categories.git
https://gitlab.trgdev.com/infrastructure/gitops/fleet/gitrepos.git: https://gitlab.trgdev.com/typhoon-lite/marketplace_categories/ebay_categories.git
https://gitlab.trgdev.com/typhoon-lite/bestbuy_categories.git: https://gitlab.trgdev.com/typhoon-lite/marketplace_categories/ebay_categories.git
https://gitlab.trgdev.com/typhoon-lite/lowes_categories.git: https://gitlab.trgdev.com/typhoon-lite/marketplace_categories/ebay_categories.git
https://gitlab.trgdev.com/typhoon-lite/target_api.git: https://gitlab.trgdev.com/typhoon-lite/marketplace_categories/ebay_categories.git
https://gitlab.trgdev.com/typhoon-lite/target.git: https://gitlab.trgdev.com/typhoon-lite/marketplace_categories/ebay_categories.git
https://gitlab.trgdev.com/typhoon-lite/homedepot.git: https://gitlab.trgdev.com/typhoon-lite/marketplace_categories/ebay_categories.git
https://gitlab.trgdev.com/typhoon-lite/homedepot_categories_v2.git: https://gitlab.trgdev.com/typhoon-lite/marketplace_categories/ebay_categories.git
https://gitlab.trgdev.com/typhoon-lite/ebay_categories.git: https://gitlab.trgdev.com/typhoon-lite/marketplace_categories/ebay_categories.git
https://gitlab.trgdev.com/typhoon-lite/keepa_v2.git: https://gitlab.trgdev.com/typhoon-lite/marketplace_categories/ebay_categories.git
https://gitlab.trgdev.com/typhoon-lite/lowes.git: https://gitlab.trgdev.com/typhoon-lite/marketplace_categories/ebay_categories.git
https://gitlab.trgdev.com/typhoon-lite/r1_api.git: https://gitlab.trgdev.com/typhoon-lite/marketplace_categories/ebay_categories.git
https://gitlab.trgdev.com/typhoon-lite/amazon_api.git: https://gitlab.trgdev.com/typhoon-lite/marketplace_categories/ebay_categories.git
https://gitlab.trgdev.com/typhoon-lite/newegg_categories.git: https://gitlab.trgdev.com/typhoon-lite/marketplace_categories/ebay_categories.git
https://gitlab.trgdev.com/typhoon-lite/walmart_categories.git: https://gitlab.trgdev.com/typhoon-lite/marketplace_categories/ebay_categories.git
https://gitlab.trgdev.com/typhoon-lite/walmart_api.git: https://gitlab.trgdev.com/typhoon-lite/marketplace_categories/ebay_categories.git
https://gitlab.trgdev.com/typhoon-lite/walmart.git: https://gitlab.trgdev.com/typhoon-lite/marketplace_categories/ebay_categories.git
https://gitlab.trgdev.com/typhoon-lite/newegg_v2.git: https://gitlab.trgdev.com/typhoon-lite/marketplace_categories/ebay_categories.git
https://gitlab.trgdev.com/typhoon-lite/www_bestbuy_com.git: https://gitlab.trgdev.com/typhoon-lite/marketplace_categories/ebay_categories.git
https://gitlab.trgdev.com/vburchenya/typhoon.git: https://gitlab.trgdev.com/typhoon-lite/marketplace_categories/ebay_categories.git
https://gitlab.trgdev.com/vburchenya/typhoon-lite.git: https://gitlab.trgdev.com/typhoon-lite/marketplace_categories/ebay_categories.git
https://gitlab.trgdev.com/infrastructure/gitops/fleet/trg-paas.git: https://gitlab.trgdev.com/typhoon-lite/marketplace_categories/ebay_categories.git
https://gitlab.trgdev.com/infrastructure/gitops/fleet/ops-stack.git: https://gitlab.trgdev.com/typhoon-lite/marketplace_categories/ebay_categories.git
https://gitlab.trgdev.com/dminakov/auto-devops.git: https://gitlab.trgdev.com/typhoon-lite/marketplace_categories/ebay_categories.git
https://gitlab.trgdev.com/infrastructure/snippets.git: https://gitlab.trgdev.com/typhoon-lite/marketplace_categories/ebay_categories.git
https://gitlab.trgdev.com/training/gitlab/gitlab-partner-bootcamp.git: https://gitlab.trgdev.com/typhoon-lite/marketplace_categories/ebay_categories.git
https://gitlab.trgdev.com/training/gitlab/support-training.git: https://gitlab.trgdev.com/typhoon-lite/marketplace_categories/ebay_categories.git
https://gitlab.trgdev.com/infrastructure/gitlab-ci.git: https://gitlab.trgdev.com/typhoon-lite/marketplace_categories/ebay_categories.git
https://gitlab.trgdev.com/npatrakov/sup_sql_templates.git: https://gitlab.trgdev.com/typhoon-lite/marketplace_categories/ebay_categories.git
https://gitlab.trgdev.com/ofeodosov/sup_sql_templates.git: https://gitlab.trgdev.com/typhoon-lite/marketplace_categories/ebay_categories.git
https://gitlab.trgdev.com/nchesnokov/test_pr.git: https://gitlab.trgdev.com/typhoon-lite/marketplace_categories/ebay_categories.git
https://gitlab.trgdev.com/gitlab-instance-administrators-059ee4c0/gitlab-self-monitoring.git: https://gitlab.trgdev.com/typhoon-lite/marketplace_categories/ebay_categories.git
https://gitlab.trgdev.com/infrastructure/dockers/logstash.git: https://gitlab.trgdev.com/typhoon-lite/marketplace_categories/ebay_categories.git
https://gitlab.trgdev.com/qa/pozdnyakov-tools.git: https://gitlab.trgdev.com/typhoon-lite/marketplace_categories/ebay_categories.git
https://gitlab.trgdev.com/thor/tableau-proxy.git: https://gitlab.trgdev.com/typhoon-lite/marketplace_categories/ebay_categories.git
https://gitlab.trgdev.com/omitnik/search_engine.git: https://gitlab.trgdev.com/typhoon-lite/marketplace_categories/ebay_categories.git
https://gitlab.trgdev.com/dimav/sales-simulator-ui.git: https://gitlab.trgdev.com/typhoon-lite/marketplace_categories/ebay_categories.git
https://gitlab.trgdev.com/vplemyannik/auto-build-image.git: https://gitlab.trgdev.com/typhoon-lite/marketplace_categories/ebay_categories.git
https://gitlab.trgdev.com/infrastructure/dockers/k8s-api-proxy.git: https://gitlab.trgdev.com/typhoon-lite/marketplace_categories/ebay_categories.git
https://gitlab.trgdev.com/vshmidt/pgadmin-connections-generator.git: https://gitlab.trgdev.com/typhoon-lite/marketplace_categories/ebay_categories.git
https://gitlab.trgdev.com/dgrigorian/price_adjustment.git: https://gitlab.trgdev.com/typhoon-lite/marketplace_categories/ebay_categories.git
https://gitlab.trgdev.com/aglebov/hearbeatconfigurationcollector.git: https://gitlab.trgdev.com/typhoon-lite/marketplace_categories/ebay_categories.git
https://gitlab.trgdev.com/dgrigorian/lowes_eda.git: https://gitlab.trgdev.com/typhoon-lite/marketplace_categories/ebay_categories.git
https://gitlab.trgdev.com/aglebov/servicetools.git: https://gitlab.trgdev.com/typhoon-lite/marketplace_categories/ebay_categories.git
https://gitlab.trgdev.com/vshmidt/service-deploy-tool-switch.git: https://gitlab.trgdev.com/typhoon-lite/marketplace_categories/ebay_categories.git
https://gitlab.trgdev.com/rishkaev/raw-prices-viewer.git: https://gitlab.trgdev.com/typhoon-lite/marketplace_categories/ebay_categories.git
https://gitlab.trgdev.com/infrastructure/ci-jobs/dependabot-script.git: https://gitlab.trgdev.com/typhoon-lite/marketplace_categories/ebay_categories.git
https://gitlab.trgdev.com/thor/demos/demo-php-site.git: https://gitlab.trgdev.com/typhoon-lite/marketplace_categories/ebay_categories.git
https://gitlab.trgdev.com/ml/sales-simulator.git: https://gitlab.trgdev.com/typhoon-lite/marketplace_categories/ebay_categories.git
https://gitlab.trgdev.com/mtikhanovskiy/team-city-build-and-publish-webui-api.git: https://gitlab.trgdev.com/typhoon-lite/marketplace_categories/ebay_categories.git
https://gitlab.trgdev.com/infrastructure/auto-components/k3s.git: https://gitlab.trgdev.com/typhoon-lite/marketplace_categories/ebay_categories.git
https://gitlab.trgdev.com/rishkaev/docker-test-environment.git: https://gitlab.trgdev.com/typhoon-lite/marketplace_categories/ebay_categories.git
https://gitlab.trgdev.com/catalog/product-producer.git: https://gitlab.trgdev.com/typhoon-lite/marketplace_categories/ebay_categories.git
https://gitlab.trgdev.com/reaper/reaper.git: https://gitlab.trgdev.com/typhoon-lite/marketplace_categories/ebay_categories.git
https://gitlab.trgdev.com/pchumakov/packagestool.git: https://gitlab.trgdev.com/typhoon-lite/marketplace_categories/ebay_categories.git
https://gitlab.trgdev.com/devops/grafana-dashboard.git: https://gitlab.trgdev.com/typhoon-lite/marketplace_categories/ebay_categories.git
https://gitlab.trgdev.com/typhoon-projects/alert_bot.git: https://gitlab.trgdev.com/typhoon-lite/marketplace_categories/ebay_categories.git
https://gitlab.trgdev.com/typhoon-projects/aam_history.git: https://gitlab.trgdev.com/typhoon-lite/marketplace_categories/ebay_categories.git
https://gitlab.trgdev.com/typhoon-projects/images_download.git: https://gitlab.trgdev.com/typhoon-lite/marketplace_categories/ebay_categories.git
https://gitlab.trgdev.com/typhoon-projects/iaai_api.git: https://gitlab.trgdev.com/typhoon-lite/marketplace_categories/ebay_categories.git
https://gitlab.trgdev.com/typhoon-projects/copart.git: https://gitlab.trgdev.com/typhoon-lite/marketplace_categories/ebay_categories.git
https://gitlab.trgdev.com/typhoon-projects/aam_data.git: https://gitlab.trgdev.com/typhoon-lite/marketplace_categories/ebay_categories.git
https://gitlab.trgdev.com/mtikhanovskiy/frontend-builder.git: https://gitlab.trgdev.com/typhoon-lite/marketplace_categories/ebay_categories.git
https://gitlab.trgdev.com/dkaigorodov/r1.gridengine.taskmanager.git: https://gitlab.trgdev.com/typhoon-lite/marketplace_categories/ebay_categories.git
https://gitlab.trgdev.com/mtikhanovskiy/listing-rules-demo.git: https://gitlab.trgdev.com/typhoon-lite/marketplace_categories/ebay_categories.git
https://gitlab.trgdev.com/dkrishtal/R1.ListingPriceProvider.git: https://gitlab.trgdev.com/typhoon-lite/marketplace_categories/ebay_categories.git
https://gitlab.trgdev.com/qa/autotesting.git: https://gitlab.trgdev.com/typhoon-lite/marketplace_categories/ebay_categories.git
https://gitlab.trgdev.com/thor/auto-devops.git: https://gitlab.trgdev.com/typhoon-lite/marketplace_categories/ebay_categories.git
https://gitlab.trgdev.com/infrastructure/auto-deploy-image.git: https://gitlab.trgdev.com/typhoon-lite/marketplace_categories/ebay_categories.git
https://gitlab.trgdev.com/infrastructure/auto-build-image.git: https://gitlab.trgdev.com/typhoon-lite/marketplace_categories/ebay_categories.git
https://gitlab.trgdev.com/thor/fix-versions-discovery.git: https://gitlab.trgdev.com/typhoon-lite/marketplace_categories/ebay_categories.git
https://gitlab.trgdev.com/infrastructure/training-materials/monitoring-with-prometheus.git: https://gitlab.trgdev.com/typhoon-lite/marketplace_categories/ebay_categories.git
https://gitlab.trgdev.com/infrastructure/training-materials/k8s-101.git: https://gitlab.trgdev.com/typhoon-lite/marketplace_categories/ebay_categories.git
https://gitlab.trgdev.com/infrastructure/paas-demo/thor-csharp-with-metrics.git: https://gitlab.trgdev.com/typhoon-lite/marketplace_categories/ebay_categories.git
https://gitlab.trgdev.com/infrastructure/paas-demo/sample-dotnet-with-prometheus.git: https://gitlab.trgdev.com/typhoon-lite/marketplace_categories/ebay_categories.git
https://gitlab.trgdev.com/infrastructure/training-materials/empty-helm-chart.git: https://gitlab.trgdev.com/typhoon-lite/marketplace_categories/ebay_categories.git
https://gitlab.trgdev.com/infrastructure/training-materials/docker-201.git: https://gitlab.trgdev.com/typhoon-lite/marketplace_categories/ebay_categories.git
https://gitlab.trgdev.com/infrastructure/training-materials/docker-101.git: https://gitlab.trgdev.com/typhoon-lite/marketplace_categories/ebay_categories.git
https://gitlab.trgdev.com/infrastructure/paas-demo/html-site.git: https://gitlab.trgdev.com/typhoon-lite/marketplace_categories/ebay_categories.git
https://gitlab.trgdev.com/infrastructure/paas-demo/webapp.git: https://gitlab.trgdev.com/typhoon-lite/marketplace_categories/ebay_categories.git
https://gitlab.trgdev.com/devops/azure-rg-config.git: https://gitlab.trgdev.com/typhoon-lite/marketplace_categories/ebay_categories.git
https://gitlab.trgdev.com/dockers/custom-thumbor.git: https://gitlab.trgdev.com/typhoon-lite/marketplace_categories/ebay_categories.git
https://gitlab.trgdev.com/infrastructure/traefik.git: https://gitlab.trgdev.com/typhoon-lite/marketplace_categories/ebay_categories.git
https://gitlab.trgdev.com/infrastructure/configs/clone-wl.git: https://gitlab.trgdev.com/typhoon-lite/marketplace_categories/ebay_categories.git
https://gitlab.trgdev.com/auto-auction-mall/services/cron-executor.git: https://gitlab.trgdev.com/typhoon-lite/marketplace_categories/ebay_categories.git
https://gitlab.trgdev.com/auto-auction-mall/services/mail-sender.git: https://gitlab.trgdev.com/typhoon-lite/marketplace_categories/ebay_categories.git
https://gitlab.trgdev.com/auto-auction-mall/aam-documentation.git: https://gitlab.trgdev.com/typhoon-lite/marketplace_categories/ebay_categories.git
https://gitlab.trgdev.com/devops/zabbix-docker-monitoring.git: https://gitlab.trgdev.com/typhoon-lite/marketplace_categories/ebay_categories.git
https://gitlab.trgdev.com/infrastructure/configs/ssh-keys.git: https://gitlab.trgdev.com/typhoon-lite/marketplace_categories/ebay_categories.git
https://gitlab.trgdev.com/devops/training/slurm.git: https://gitlab.trgdev.com/typhoon-lite/marketplace_categories/ebay_categories.git
https://gitlab.trgdev.com/devops/nginx-consul-svc.git: https://gitlab.trgdev.com/typhoon-lite/marketplace_categories/ebay_categories.git
https://gitlab.trgdev.com/auto-auction-mall/services/monitoring.git: https://gitlab.trgdev.com/typhoon-lite/marketplace_categories/ebay_categories.git
https://gitlab.trgdev.com/auto-auction-mall/services/laravel-boilerplate.git: https://gitlab.trgdev.com/typhoon-lite/marketplace_categories/ebay_categories.git
https://gitlab.trgdev.com/auto-auction-mall/services/orders.git: https://gitlab.trgdev.com/typhoon-lite/marketplace_categories/ebay_categories.git
https://gitlab.trgdev.com/webinars/php-webinars.git: https://gitlab.trgdev.com/typhoon-lite/marketplace_categories/ebay_categories.git
https://gitlab.trgdev.com/auto-auction-mall/services/invoice-ninja.git: https://gitlab.trgdev.com/typhoon-lite/marketplace_categories/ebay_categories.git
https://gitlab.trgdev.com/infrastructure/dockers/sentry.git: https://gitlab.trgdev.com/typhoon-lite/marketplace_categories/ebay_categories.git
https://gitlab.trgdev.com/infrastructure/auto-devops.git: https://gitlab.trgdev.com/typhoon-lite/marketplace_categories/ebay_categories.git
https://gitlab.trgdev.com/infrastructure/charts.git: https://gitlab.trgdev.com/typhoon-lite/marketplace_categories/ebay_categories.git
https://gitlab.trgdev.com/myarosh/issues.git: https://gitlab.trgdev.com/typhoon-lite/marketplace_categories/ebay_categories.git
https://gitlab.trgdev.com/sshupilkin/gitlab-pages-demo.git: https://gitlab.trgdev.com/typhoon-lite/marketplace_categories/ebay_categories.git
https://gitlab.trgdev.com/auto-auction-mall/react-based-admin.git: https://gitlab.trgdev.com/typhoon-lite/marketplace_categories/ebay_categories.git
https://gitlab.trgdev.com/auto-auction-mall/services/auth.git: https://gitlab.trgdev.com/typhoon-lite/marketplace_categories/ebay_categories.git
https://gitlab.trgdev.com/auto-auction-mall/aam-chart.git: https://gitlab.trgdev.com/typhoon-lite/marketplace_categories/ebay_categories.git
https://gitlab.trgdev.com/aantipov/playn-html.git: https://gitlab.trgdev.com/typhoon-lite/marketplace_categories/ebay_categories.git
https://gitlab.trgdev.com/trg-tools/r1.reminingtimemanager.git: https://gitlab.trgdev.com/typhoon-lite/marketplace_categories/ebay_categories.git
https://gitlab.trgdev.com/auto-auction-mall/services/car-report.git: https://gitlab.trgdev.com/typhoon-lite/marketplace_categories/ebay_categories.git
https://gitlab.trgdev.com/sshupilkin/helm-chart-demo.git: https://gitlab.trgdev.com/typhoon-lite/marketplace_categories/ebay_categories.git
https://gitlab.trgdev.com/sshupilkin/docker-slim-demo.git: https://gitlab.trgdev.com/typhoon-lite/marketplace_categories/ebay_categories.git
https://gitlab.trgdev.com/hulq/coding/demo-auth.git: https://gitlab.trgdev.com/typhoon-lite/marketplace_categories/ebay_categories.git
https://gitlab.trgdev.com/sshupilkin/elastic-beanstalk-php--app.git: https://gitlab.trgdev.com/typhoon-lite/marketplace_categories/ebay_categories.git
https://gitlab.trgdev.com/gotrg-public/utilities/mscan-api-client.git: https://gitlab.trgdev.com/typhoon-lite/marketplace_categories/ebay_categories.git
https://gitlab.trgdev.com/sshupilkin/go-proxy.git: https://gitlab.trgdev.com/typhoon-lite/marketplace_categories/ebay_categories.git
https://gitlab.trgdev.com/gotrg-public/utilities/common-client-models.git: https://gitlab.trgdev.com/typhoon-lite/marketplace_categories/ebay_categories.git
https://gitlab.trgdev.com/dockers/php.git: https://gitlab.trgdev.com/typhoon-lite/marketplace_categories/ebay_categories.git
https://gitlab.trgdev.com/gotrg-public/utilities/700credit-api-client.git: https://gitlab.trgdev.com/typhoon-lite/marketplace_categories/ebay_categories.git
https://gitlab.trgdev.com/gotrg-public/utilities/kbb-api-client.git: https://gitlab.trgdev.com/typhoon-lite/marketplace_categories/ebay_categories.git
https://gitlab.trgdev.com/gotrg-public/utilities/chromedata-api-client.git: https://gitlab.trgdev.com/typhoon-lite/marketplace_categories/ebay_categories.git
https://gitlab.trgdev.com/gotrg-public/utilities/health-checker-lib.git: https://gitlab.trgdev.com/typhoon-lite/marketplace_categories/ebay_categories.git
https://gitlab.trgdev.com/aantipov/laravel-in-docker.git: https://gitlab.trgdev.com/typhoon-lite/marketplace_categories/ebay_categories.git
https://gitlab.trgdev.com/dockers/dotnet-sample-app.git: https://gitlab.trgdev.com/typhoon-lite/marketplace_categories/ebay_categories.git
https://gitlab.trgdev.com/alexei/postgres-test.git: https://gitlab.trgdev.com/typhoon-lite/marketplace_categories/ebay_categories.git
https://gitlab.trgdev.com/dockers/python-autotests.git: https://gitlab.trgdev.com/typhoon-lite/marketplace_categories/ebay_categories.git
https://gitlab.trgdev.com/gotrg-public/utilities/laravel-admin-lib.git: https://gitlab.trgdev.com/typhoon-lite/marketplace_categories/ebay_categories.git
https://gitlab.trgdev.com/sshupilkin/go-project.git: https://gitlab.trgdev.com/typhoon-lite/marketplace_categories/ebay_categories.git
https://gitlab.trgdev.com/sshupilkin/test-kubernetes.git: https://gitlab.trgdev.com/typhoon-lite/marketplace_categories/ebay_categories.git
https://gitlab.trgdev.com/auto-auction-mall/react-based.git: https://gitlab.trgdev.com/typhoon-lite/marketplace_categories/ebay_categories.git
https://gitlab.trgdev.com/typhoon/frontend.git: https://gitlab.trgdev.com/typhoon-lite/marketplace_categories/ebay_categories.git
https://gitlab.trgdev.com/sshibalov/hulq-android-app.git: https://gitlab.trgdev.com/typhoon-lite/marketplace_categories/ebay_categories.git
https://gitlab.trgdev.com/sshupilkin/graphql-demo.git: https://gitlab.trgdev.com/typhoon-lite/marketplace_categories/ebay_categories.git
https://gitlab.trgdev.com/directliquidation/private-area.git: https://gitlab.trgdev.com/typhoon-lite/marketplace_categories/ebay_categories.git
https://gitlab.trgdev.com/dockers/sentry.git: https://gitlab.trgdev.com/typhoon-lite/marketplace_categories/ebay_categories.git
https://gitlab.trgdev.com/auto-auction-mall/db-restoration.git: https://gitlab.trgdev.com/typhoon-lite/marketplace_categories/ebay_categories.git
https://gitlab.trgdev.com/dockers/postal.git: https://gitlab.trgdev.com/typhoon-lite/marketplace_categories/ebay_categories.git
https://gitlab.trgdev.com/typhoon/result_transporter.git: https://gitlab.trgdev.com/typhoon-lite/marketplace_categories/ebay_categories.git
https://gitlab.trgdev.com/typhoon/discovery.git: https://gitlab.trgdev.com/typhoon-lite/marketplace_categories/ebay_categories.git
https://gitlab.trgdev.com/ilya/notifications.git: https://gitlab.trgdev.com/typhoon-lite/marketplace_categories/ebay_categories.git
https://gitlab.trgdev.com/gotrg-public/utilities/graphql-lib.git: https://gitlab.trgdev.com/typhoon-lite/marketplace_categories/ebay_categories.git
https://gitlab.trgdev.com/typhoon/documentation.git: https://gitlab.trgdev.com/typhoon-lite/marketplace_categories/ebay_categories.git
https://gitlab.trgdev.com/typhoon/scheduler.git: https://gitlab.trgdev.com/typhoon-lite/marketplace_categories/ebay_categories.git
https://gitlab.trgdev.com/typhoon/deployer.git: https://gitlab.trgdev.com/typhoon-lite/marketplace_categories/ebay_categories.git
https://gitlab.trgdev.com/typhoon/typhoon.git: https://gitlab.trgdev.com/typhoon-lite/marketplace_categories/ebay_categories.git
https://gitlab.trgdev.com/typhoon/project.git: https://gitlab.trgdev.com/typhoon-lite/marketplace_categories/ebay_categories.git
https://gitlab.trgdev.com/typhoon/processor.git: https://gitlab.trgdev.com/typhoon-lite/marketplace_categories/ebay_categories.git
https://gitlab.trgdev.com/sshupilkin/jwt-token.git: https://gitlab.trgdev.com/typhoon-lite/marketplace_categories/ebay_categories.git
https://gitlab.trgdev.com/gotrg-public/containers/usefull-dockerfiles.git: https://gitlab.trgdev.com/typhoon-lite/marketplace_categories/ebay_categories.git
https://gitlab.trgdev.com/gotrg-public/utilities/graphql-query.git: https://gitlab.trgdev.com/typhoon-lite/marketplace_categories/ebay_categories.git
https://gitlab.trgdev.com/gotrg-public/utilities/laravel-mongodb.git: https://gitlab.trgdev.com/typhoon-lite/marketplace_categories/ebay_categories.git
https://gitlab.trgdev.com/gotrg-public/utilities/monolog-http-handler.git: https://gitlab.trgdev.com/typhoon-lite/marketplace_categories/ebay_categories.git
https://gitlab.trgdev.com/typhoon/webui.git: https://gitlab.trgdev.com/typhoon-lite/marketplace_categories/ebay_categories.git
https://gitlab.trgdev.com/typhoon/fetcher.git: https://gitlab.trgdev.com/typhoon-lite/marketplace_categories/ebay_categories.git
https://gitlab.trgdev.com/gotrg-public/utilities/php-cs-fixer.git: https://gitlab.trgdev.com/typhoon-lite/marketplace_categories/ebay_categories.git
https://gitlab.trgdev.com/gotrg/deployment/mms.git: https://gitlab.trgdev.com/typhoon-lite/marketplace_categories/ebay_categories.git
https://gitlab.trgdev.com/dockers/php-nginx.git: https://gitlab.trgdev.com/typhoon-lite/marketplace_categories/ebay_categories.git
https://gitlab.trgdev.com/vfedorov/k8s-deploy-test.git: https://gitlab.trgdev.com/typhoon-lite/marketplace_categories/ebay_categories.git
https://gitlab.trgdev.com/auto-auction-mall/sync-emails.git: https://gitlab.trgdev.com/typhoon-lite/marketplace_categories/ebay_categories.git
https://gitlab.trgdev.com/ilya/xcart-dev.git: https://gitlab.trgdev.com/typhoon-lite/marketplace_categories/ebay_categories.git
https://gitlab.trgdev.com/dockers/node-with-meteor.git: https://gitlab.trgdev.com/typhoon-lite/marketplace_categories/ebay_categories.git
https://gitlab.trgdev.com/hulq/documentation/providers.git: https://gitlab.trgdev.com/typhoon-lite/marketplace_categories/ebay_categories.git
https://gitlab.trgdev.com/hulq/coding/common-lib.git: https://gitlab.trgdev.com/typhoon-lite/marketplace_categories/ebay_categories.git
https://gitlab.trgdev.com/dimav/proxy_rotator.git: https://gitlab.trgdev.com/typhoon-lite/marketplace_categories/ebay_categories.git
https://gitlab.trgdev.com/vfedorov/listing-service-api-contract.git: https://gitlab.trgdev.com/typhoon-lite/marketplace_categories/ebay_categories.git
https://gitlab.trgdev.com/auto-auction-mall/landing-pages.git: https://gitlab.trgdev.com/typhoon-lite/marketplace_categories/ebay_categories.git
https://gitlab.trgdev.com/Artex/services-base.git: https://gitlab.trgdev.com/typhoon-lite/marketplace_categories/ebay_categories.git
https://gitlab.trgdev.com/deploy/k8s-helm.git: https://gitlab.trgdev.com/typhoon-lite/marketplace_categories/ebay_categories.git
https://gitlab.trgdev.com/dockers/meteor.git: https://gitlab.trgdev.com/typhoon-lite/marketplace_categories/ebay_categories.git
https://gitlab.trgdev.com/dockers/alpine-meteor.git: https://gitlab.trgdev.com/typhoon-lite/marketplace_categories/ebay_categories.git
https://gitlab.trgdev.com/deploy/kubernetes.git: https://gitlab.trgdev.com/typhoon-lite/marketplace_categories/ebay_categories.git
https://gitlab.trgdev.com/Artex/trg-ad-server.git: https://gitlab.trgdev.com/typhoon-lite/marketplace_categories/ebay_categories.git
https://gitlab.trgdev.com/aantipov/wp-clean.git: https://gitlab.trgdev.com/typhoon-lite/marketplace_categories/ebay_categories.git
https://gitlab.trgdev.com/yumashev/wp-clean.git: https://gitlab.trgdev.com/typhoon-lite/marketplace_categories/ebay_categories.git
https://gitlab.trgdev.com/Artex/wp-clean.git: https://gitlab.trgdev.com/typhoon-lite/marketplace_categories/ebay_categories.git
https://gitlab.trgdev.com/auto-auction-mall/indexer_worker.git: https://gitlab.trgdev.com/typhoon-lite/marketplace_categories/ebay_categories.git
https://gitlab.trgdev.com/dimav/aam_stress_test.git: https://gitlab.trgdev.com/typhoon-lite/marketplace_categories/ebay_categories.git
https://gitlab.trgdev.com/yumashev/trace-wp.git: https://gitlab.trgdev.com/typhoon-lite/marketplace_categories/ebay_categories.git
https://gitlab.trgdev.com/yumashev/vowcria.git: https://gitlab.trgdev.com/typhoon-lite/marketplace_categories/ebay_categories.git
https://gitlab.trgdev.com/virtuman/locust.git: https://gitlab.trgdev.com/typhoon-lite/marketplace_categories/ebay_categories.git
https://gitlab.trgdev.com/auto-auction-mall/test-angular-app.git: https://gitlab.trgdev.com/typhoon-lite/marketplace_categories/ebay_categories.git
https://gitlab.trgdev.com/auto-auction-mall/naming-convention.git: https://gitlab.trgdev.com/typhoon-lite/marketplace_categories/ebay_categories.git
https://gitlab.trgdev.com/virtuman/testci2.git: https://gitlab.trgdev.com/typhoon-lite/marketplace_categories/ebay_categories.git
https://gitlab.trgdev.com/dockers/thumbor.git: https://gitlab.trgdev.com/typhoon-lite/marketplace_categories/ebay_categories.git
https://gitlab.trgdev.com/auto-auction-mall/learning-center.git: https://gitlab.trgdev.com/typhoon-lite/marketplace_categories/ebay_categories.git
https://gitlab.trgdev.com/auto-auction-mall/admin-project.git: https://gitlab.trgdev.com/typhoon-lite/marketplace_categories/ebay_categories.git
https://gitlab.trgdev.com/auto-auction-mall/test-version.git: https://gitlab.trgdev.com/typhoon-lite/marketplace_categories/ebay_categories.git
https://gitlab.trgdev.com/auto-auction-mall/production-site.git: https://gitlab.trgdev.com/typhoon-lite/marketplace_categories/ebay_categories.git
https://gitlab.trgdev.com/auto-auction-mall/html-template.git: https://gitlab.trgdev.com/typhoon-lite/marketplace_categories/ebay_categories.git
https://gitlab.trgdev.com/thestore/magento-Cm_Cache_Backend_Redis.git: https://gitlab.trgdev.com/typhoon-lite/marketplace_categories/ebay_categories.git
https://gitlab.trgdev.com/thestore/magento-Cm_RedisSession.git: https://gitlab.trgdev.com/typhoon-lite/marketplace_categories/ebay_categories.git
https://gitlab.trgdev.com/thestore/affiliate-manager.git: https://gitlab.trgdev.com/typhoon-lite/marketplace_categories/ebay_categories.git
https://gitlab.trgdev.com/thestore/thumbor.git: https://gitlab.trgdev.com/typhoon-lite/marketplace_categories/ebay_categories.git
https://gitlab.trgdev.com/thestore/pyspider.git: https://gitlab.trgdev.com/typhoon-lite/marketplace_categories/ebay_categories.git
https://gitlab.trgdev.com/thestore/pyspider-binux.git: https://gitlab.trgdev.com/typhoon-lite/marketplace_categories/ebay_categories.git
https://gitlab.trgdev.com/thestore/pyspider-old.git: https://gitlab.trgdev.com/typhoon-lite/marketplace_categories/ebay_categories.git
https://gitlab.trgdev.com/thestore/data-pyspider-libs.git: https://gitlab.trgdev.com/typhoon-lite/marketplace_categories/ebay_categories.git
https://gitlab.trgdev.com/thestore/thestore-pyspider.git: https://gitlab.trgdev.com/typhoon-lite/marketplace_categories/ebay_categories.git
https://gitlab.trgdev.com/thestore/thestore-category-mapping.git: https://gitlab.trgdev.com/typhoon-lite/marketplace_categories/ebay_categories.git
https://gitlab.trgdev.com/thestore/yarn-tmp.git: https://gitlab.trgdev.com/typhoon-lite/marketplace_categories/ebay_categories.git
https://gitlab.trgdev.com/thestore/importer-standartization-enrichment.git: https://gitlab.trgdev.com/typhoon-lite/marketplace_categories/ebay_categories.git
https://gitlab.trgdev.com/thestore/importer-pyspider.git: https://gitlab.trgdev.com/typhoon-lite/marketplace_categories/ebay_categories.git
https://gitlab.trgdev.com/thestore/importer-parsers.git: https://gitlab.trgdev.com/typhoon-lite/marketplace_categories/ebay_categories.git
https://gitlab.trgdev.com/thestore/importer-scrapy-scraper.git: https://gitlab.trgdev.com/typhoon-lite/marketplace_categories/ebay_categories.git
https://gitlab.trgdev.com/thestore/magento-1-9-1-0-sample.git: https://gitlab.trgdev.com/typhoon-lite/marketplace_categories/ebay_categories.git
https://gitlab.trgdev.com/thestore/thestore.ce.git: https://gitlab.trgdev.com/typhoon-lite/marketplace_categories/ebay_categories.git
https://gitlab.trgdev.com/thestore/votifyapp-template.git: https://gitlab.trgdev.com/typhoon-lite/marketplace_categories/ebay_categories.git
https://gitlab.trgdev.com/thestore/api.caller.git: https://gitlab.trgdev.com/typhoon-lite/marketplace_categories/ebay_categories.git
https://gitlab.trgdev.com/thestore/thestore.enterprise.114.udp.git: https://gitlab.trgdev.com/typhoon-lite/marketplace_categories/ebay_categories.git
https://gitlab.trgdev.com/thestore/thestore.template.git: https://gitlab.trgdev.com/typhoon-lite/marketplace_categories/ebay_categories.git
https://gitlab.trgdev.com/thestore/stylevote-mobile-android.git: https://gitlab.trgdev.com/typhoon-lite/marketplace_categories/ebay_categories.git
https://gitlab.trgdev.com/thestore/stylevote.serverapp.git: https://gitlab.trgdev.com/typhoon-lite/marketplace_categories/ebay_categories.git
https://gitlab.trgdev.com/thestore/stylevote.mobile.iphone.git: https://gitlab.trgdev.com/typhoon-lite/marketplace_categories/ebay_categories.git
https://gitlab.trgdev.com/thestore/thestore.magento.theme.v2.git: https://gitlab.trgdev.com/typhoon-lite/marketplace_categories/ebay_categories.git
https://gitlab.trgdev.com/thestore/thestore.notifications.git: https://gitlab.trgdev.com/typhoon-lite/marketplace_categories/ebay_categories.git
https://gitlab.trgdev.com/thestore/thestore.kirill.html.git: https://gitlab.trgdev.com/typhoon-lite/marketplace_categories/ebay_categories.git
https://gitlab.trgdev.com/thestore/thestore.production.git: https://gitlab.trgdev.com/typhoon-lite/marketplace_categories/ebay_categories.git
https://gitlab.trgdev.com/thestore/thestore.magmi.git: https://gitlab.trgdev.com/typhoon-lite/marketplace_categories/ebay_categories.git
https://gitlab.trgdev.com/thestore/thestore.lookup.git: https://gitlab.trgdev.com/typhoon-lite/marketplace_categories/ebay_categories.git
https://gitlab.trgdev.com/thestore/thestore.feed_processing.git: https://gitlab.trgdev.com/typhoon-lite/marketplace_categories/ebay_categories.git
https://gitlab.trgdev.com/thestore/thestore.dev-tools.git: https://gitlab.trgdev.com/typhoon-lite/marketplace_categories/ebay_categories.git
https://gitlab.trgdev.com/thestore/thestore.cakephp.git: https://gitlab.trgdev.com/typhoon-lite/marketplace_categories/ebay_categories.git
https://gitlab.trgdev.com/thestore/thestore.solr.git: https://gitlab.trgdev.com/typhoon-lite/marketplace_categories/ebay_categories.git
https://gitlab.trgdev.com/thestore/thestore.server-etc-configs.git: https://gitlab.trgdev.com/typhoon-lite/marketplace_categories/ebay_categories.git
https://gitlab.trgdev.com/thestore/thestore.blog.git: https://gitlab.trgdev.com/typhoon-lite/marketplace_categories/ebay_categories.git
https://gitlab.trgdev.com/qa/seleniferous.git: https://gitlab.trgdev.com/typhoon-lite/marketplace_categories/bestbuy_categories.git
https://gitlab.trgdev.com/infrastructure/gitops/terraform-modules.git: https://gitlab.trgdev.com/typhoon-lite/marketplace_categories/bestbuy_categories.git
https://gitlab.trgdev.com/typhoon-lite/recommended-categories.git: https://gitlab.trgdev.com/typhoon-lite/marketplace_categories/bestbuy_categories.git
https://gitlab.trgdev.com/typhoon-lite/best-working-project.git: https://gitlab.trgdev.com/typhoon-lite/marketplace_categories/bestbuy_categories.git
https://gitlab.trgdev.com/typhoon-lite/gotyphoon/data-management-tools.git: https://gitlab.trgdev.com/typhoon-lite/marketplace_categories/bestbuy_categories.git
https://gitlab.trgdev.com/typhoon-lite/kubernetes/nsq-exporter.git: https://gitlab.trgdev.com/typhoon-lite/marketplace_categories/bestbuy_categories.git
https://gitlab.trgdev.com/qa/autotests-statistics.git: https://gitlab.trgdev.com/typhoon-lite/marketplace_categories/bestbuy_categories.git
https://gitlab.trgdev.com/typhoon-lite/scheduler-projects.git: https://gitlab.trgdev.com/typhoon-lite/marketplace_categories/bestbuy_categories.git
https://gitlab.trgdev.com/typhoon-lite/target-com-api.git: https://gitlab.trgdev.com/typhoon-lite/marketplace_categories/bestbuy_categories.git
https://gitlab.trgdev.com/typhoon-lite/bestbuy-com-api.git: https://gitlab.trgdev.com/typhoon-lite/marketplace_categories/bestbuy_categories.git
https://gitlab.trgdev.com/typhoon-lite/marketplace_categories/target_categories.git: https://gitlab.trgdev.com/typhoon-lite/marketplace_categories/bestbuy_categories.git
https://gitlab.trgdev.com/asosnin/scripts.git: https://gitlab.trgdev.com/typhoon-lite/marketplace_categories/bestbuy_categories.git
https://gitlab.trgdev.com/typhoon-lite/kubernetes/nsq.git: https://gitlab.trgdev.com/typhoon-lite/marketplace_categories/bestbuy_categories.git
https://gitlab.trgdev.com/typhoon-lite/newegg-ca.git: https://gitlab.trgdev.com/typhoon-lite/marketplace_categories/bestbuy_categories.git
https://gitlab.trgdev.com/typhoon-lite/marketplace_categories/newegg-ca.git: https://gitlab.trgdev.com/typhoon-lite/marketplace_categories/bestbuy_categories.git
https://gitlab.trgdev.com/typhoon-lite/marketplace_categories/thestore-categories.git: https://gitlab.trgdev.com/typhoon-lite/marketplace_categories/bestbuy_categories.git
https://gitlab.trgdev.com/typhoon-lite/ebay_mobile_api.git: https://gitlab.trgdev.com/typhoon-lite/marketplace_categories/bestbuy_categories.git
https://gitlab.trgdev.com/typhoon-lite/typhoon-broadcast.git: https://gitlab.trgdev.com/typhoon-lite/marketplace_categories/bestbuy_categories.git
https://gitlab.trgdev.com/typhoon-lite/upcitemdb.git: https://gitlab.trgdev.com/typhoon-lite/marketplace_categories/bestbuy_categories.git
https://gitlab.trgdev.com/typhoon-lite/typhoon.git: https://gitlab.trgdev.com/typhoon-lite/marketplace_categories/bestbuy_categories.git
https://gitlab.trgdev.com/typhoon-lite/marketplace_categories/ebay_categories.git: https://gitlab.trgdev.com/typhoon-lite/marketplace_categories/bestbuy_categories.git
https://gitlab.trgdev.com/typhoon-lite/discovery.git: https://gitlab.trgdev.com/typhoon-lite/marketplace_categories/bestbuy_categories.git
https://gitlab.trgdev.com/typhoon-lite/windows-project.git: https://gitlab.trgdev.com/typhoon-lite/marketplace_categories/bestbuy_categories.git
https://gitlab.trgdev.com/typhoon-lite/typhoon-deploy.git: https://gitlab.trgdev.com/typhoon-lite/marketplace_categories/bestbuy_categories.git
https://gitlab.trgdev.com/pages/plain-html.git: https://gitlab.trgdev.com/typhoon-lite/marketplace_categories/bestbuy_categories.git
https://gitlab.trgdev.com/typhoon-lite/marketplace_categories/bestbuy_categories.git: https://gitlab.trgdev.com/typhoon-lite/marketplace_categories/bestbuy_categories.git
https://gitlab.trgdev.com/infrastructure/dockers/wodby/opensmtpd.git: https://gitlab.trgdev.com/typhoon-lite/marketplace_categories/bestbuy_categories.git
https://gitlab.trgdev.com/infrastructure/dockers/wodby/wordpress-php.git: https://gitlab.trgdev.com/typhoon-lite/marketplace_categories/bestbuy_categories.git
https://gitlab.trgdev.com/infrastructure/dockers/wodby/wordpress.git: https://gitlab.trgdev.com/typhoon-lite/marketplace_categories/bestbuy_categories.git
https://gitlab.trgdev.com/infrastructure/dockers/wodby/nginx.git: https://gitlab.trgdev.com/typhoon-lite/marketplace_categories/bestbuy_categories.git
https://gitlab.trgdev.com/infrastructure/dockers/wodby/php.git: https://gitlab.trgdev.com/typhoon-lite/marketplace_categories/bestbuy_categories.git
https://gitlab.trgdev.com/typhoon-lite/gotyphoon/cli.git: https://gitlab.trgdev.com/typhoon-lite/marketplace_categories/bestbuy_categories.git
https://gitlab.trgdev.com/typhoon-lite/marketplace_categories/keepa_categories.git: https://gitlab.trgdev.com/typhoon-lite/marketplace_categories/bestbuy_categories.git
https://gitlab.trgdev.com/infrastructure/gitops/fleet/gitrepos.git: https://gitlab.trgdev.com/typhoon-lite/marketplace_categories/bestbuy_categories.git
https://gitlab.trgdev.com/typhoon-lite/bestbuy_categories.git: https://gitlab.trgdev.com/typhoon-lite/marketplace_categories/bestbuy_categories.git
https://gitlab.trgdev.com/typhoon-lite/lowes_categories.git: https://gitlab.trgdev.com/typhoon-lite/marketplace_categories/bestbuy_categories.git
https://gitlab.trgdev.com/typhoon-lite/target_api.git: https://gitlab.trgdev.com/typhoon-lite/marketplace_categories/bestbuy_categories.git
https://gitlab.trgdev.com/typhoon-lite/target.git: https://gitlab.trgdev.com/typhoon-lite/marketplace_categories/bestbuy_categories.git
https://gitlab.trgdev.com/typhoon-lite/homedepot.git: https://gitlab.trgdev.com/typhoon-lite/marketplace_categories/bestbuy_categories.git
https://gitlab.trgdev.com/typhoon-lite/homedepot_categories_v2.git: https://gitlab.trgdev.com/typhoon-lite/marketplace_categories/bestbuy_categories.git
https://gitlab.trgdev.com/typhoon-lite/ebay_categories.git: https://gitlab.trgdev.com/typhoon-lite/marketplace_categories/bestbuy_categories.git
https://gitlab.trgdev.com/typhoon-lite/keepa_v2.git: https://gitlab.trgdev.com/typhoon-lite/marketplace_categories/bestbuy_categories.git
https://gitlab.trgdev.com/typhoon-lite/lowes.git: https://gitlab.trgdev.com/typhoon-lite/marketplace_categories/bestbuy_categories.git
https://gitlab.trgdev.com/typhoon-lite/r1_api.git: https://gitlab.trgdev.com/typhoon-lite/marketplace_categories/bestbuy_categories.git
https://gitlab.trgdev.com/typhoon-lite/amazon_api.git: https://gitlab.trgdev.com/typhoon-lite/marketplace_categories/bestbuy_categories.git
https://gitlab.trgdev.com/typhoon-lite/newegg_categories.git: https://gitlab.trgdev.com/typhoon-lite/marketplace_categories/bestbuy_categories.git
https://gitlab.trgdev.com/typhoon-lite/walmart_categories.git: https://gitlab.trgdev.com/typhoon-lite/marketplace_categories/bestbuy_categories.git
https://gitlab.trgdev.com/typhoon-lite/walmart_api.git: https://gitlab.trgdev.com/typhoon-lite/marketplace_categories/bestbuy_categories.git
https://gitlab.trgdev.com/typhoon-lite/walmart.git: https://gitlab.trgdev.com/typhoon-lite/marketplace_categories/bestbuy_categories.git
https://gitlab.trgdev.com/typhoon-lite/newegg_v2.git: https://gitlab.trgdev.com/typhoon-lite/marketplace_categories/bestbuy_categories.git
https://gitlab.trgdev.com/typhoon-lite/www_bestbuy_com.git: https://gitlab.trgdev.com/typhoon-lite/marketplace_categories/bestbuy_categories.git
https://gitlab.trgdev.com/vburchenya/typhoon.git: https://gitlab.trgdev.com/typhoon-lite/marketplace_categories/bestbuy_categories.git
https://gitlab.trgdev.com/vburchenya/typhoon-lite.git: https://gitlab.trgdev.com/typhoon-lite/marketplace_categories/bestbuy_categories.git
https://gitlab.trgdev.com/infrastructure/gitops/fleet/trg-paas.git: https://gitlab.trgdev.com/typhoon-lite/marketplace_categories/bestbuy_categories.git
https://gitlab.trgdev.com/infrastructure/gitops/fleet/ops-stack.git: https://gitlab.trgdev.com/typhoon-lite/marketplace_categories/bestbuy_categories.git
https://gitlab.trgdev.com/dminakov/auto-devops.git: https://gitlab.trgdev.com/typhoon-lite/marketplace_categories/bestbuy_categories.git
https://gitlab.trgdev.com/infrastructure/snippets.git: https://gitlab.trgdev.com/typhoon-lite/marketplace_categories/bestbuy_categories.git
https://gitlab.trgdev.com/training/gitlab/gitlab-partner-bootcamp.git: https://gitlab.trgdev.com/typhoon-lite/marketplace_categories/bestbuy_categories.git
https://gitlab.trgdev.com/training/gitlab/support-training.git: https://gitlab.trgdev.com/typhoon-lite/marketplace_categories/bestbuy_categories.git
https://gitlab.trgdev.com/infrastructure/gitlab-ci.git: https://gitlab.trgdev.com/typhoon-lite/marketplace_categories/bestbuy_categories.git
https://gitlab.trgdev.com/npatrakov/sup_sql_templates.git: https://gitlab.trgdev.com/typhoon-lite/marketplace_categories/bestbuy_categories.git
https://gitlab.trgdev.com/ofeodosov/sup_sql_templates.git: https://gitlab.trgdev.com/typhoon-lite/marketplace_categories/bestbuy_categories.git
https://gitlab.trgdev.com/nchesnokov/test_pr.git: https://gitlab.trgdev.com/typhoon-lite/marketplace_categories/bestbuy_categories.git
https://gitlab.trgdev.com/gitlab-instance-administrators-059ee4c0/gitlab-self-monitoring.git: https://gitlab.trgdev.com/typhoon-lite/marketplace_categories/bestbuy_categories.git
https://gitlab.trgdev.com/infrastructure/dockers/logstash.git: https://gitlab.trgdev.com/typhoon-lite/marketplace_categories/bestbuy_categories.git
https://gitlab.trgdev.com/qa/pozdnyakov-tools.git: https://gitlab.trgdev.com/typhoon-lite/marketplace_categories/bestbuy_categories.git
https://gitlab.trgdev.com/thor/tableau-proxy.git: https://gitlab.trgdev.com/typhoon-lite/marketplace_categories/bestbuy_categories.git
https://gitlab.trgdev.com/omitnik/search_engine.git: https://gitlab.trgdev.com/typhoon-lite/marketplace_categories/bestbuy_categories.git
https://gitlab.trgdev.com/dimav/sales-simulator-ui.git: https://gitlab.trgdev.com/typhoon-lite/marketplace_categories/bestbuy_categories.git
https://gitlab.trgdev.com/vplemyannik/auto-build-image.git: https://gitlab.trgdev.com/typhoon-lite/marketplace_categories/bestbuy_categories.git
https://gitlab.trgdev.com/infrastructure/dockers/k8s-api-proxy.git: https://gitlab.trgdev.com/typhoon-lite/marketplace_categories/bestbuy_categories.git
https://gitlab.trgdev.com/vshmidt/pgadmin-connections-generator.git: https://gitlab.trgdev.com/typhoon-lite/marketplace_categories/bestbuy_categories.git
https://gitlab.trgdev.com/dgrigorian/price_adjustment.git: https://gitlab.trgdev.com/typhoon-lite/marketplace_categories/bestbuy_categories.git
https://gitlab.trgdev.com/aglebov/hearbeatconfigurationcollector.git: https://gitlab.trgdev.com/typhoon-lite/marketplace_categories/bestbuy_categories.git
https://gitlab.trgdev.com/dgrigorian/lowes_eda.git: https://gitlab.trgdev.com/typhoon-lite/marketplace_categories/bestbuy_categories.git
https://gitlab.trgdev.com/aglebov/servicetools.git: https://gitlab.trgdev.com/typhoon-lite/marketplace_categories/bestbuy_categories.git
https://gitlab.trgdev.com/vshmidt/service-deploy-tool-switch.git: https://gitlab.trgdev.com/typhoon-lite/marketplace_categories/bestbuy_categories.git
https://gitlab.trgdev.com/rishkaev/raw-prices-viewer.git: https://gitlab.trgdev.com/typhoon-lite/marketplace_categories/bestbuy_categories.git
https://gitlab.trgdev.com/infrastructure/ci-jobs/dependabot-script.git: https://gitlab.trgdev.com/typhoon-lite/marketplace_categories/bestbuy_categories.git
https://gitlab.trgdev.com/thor/demos/demo-php-site.git: https://gitlab.trgdev.com/typhoon-lite/marketplace_categories/bestbuy_categories.git
https://gitlab.trgdev.com/ml/sales-simulator.git: https://gitlab.trgdev.com/typhoon-lite/marketplace_categories/bestbuy_categories.git
https://gitlab.trgdev.com/mtikhanovskiy/team-city-build-and-publish-webui-api.git: https://gitlab.trgdev.com/typhoon-lite/marketplace_categories/bestbuy_categories.git
https://gitlab.trgdev.com/infrastructure/auto-components/k3s.git: https://gitlab.trgdev.com/typhoon-lite/marketplace_categories/bestbuy_categories.git
https://gitlab.trgdev.com/rishkaev/docker-test-environment.git: https://gitlab.trgdev.com/typhoon-lite/marketplace_categories/bestbuy_categories.git
https://gitlab.trgdev.com/catalog/product-producer.git: https://gitlab.trgdev.com/typhoon-lite/marketplace_categories/bestbuy_categories.git
https://gitlab.trgdev.com/reaper/reaper.git: https://gitlab.trgdev.com/typhoon-lite/marketplace_categories/bestbuy_categories.git
https://gitlab.trgdev.com/pchumakov/packagestool.git: https://gitlab.trgdev.com/typhoon-lite/marketplace_categories/bestbuy_categories.git
https://gitlab.trgdev.com/devops/grafana-dashboard.git: https://gitlab.trgdev.com/typhoon-lite/marketplace_categories/bestbuy_categories.git
https://gitlab.trgdev.com/typhoon-projects/alert_bot.git: https://gitlab.trgdev.com/typhoon-lite/marketplace_categories/bestbuy_categories.git
https://gitlab.trgdev.com/typhoon-projects/aam_history.git: https://gitlab.trgdev.com/typhoon-lite/marketplace_categories/bestbuy_categories.git
https://gitlab.trgdev.com/typhoon-projects/images_download.git: https://gitlab.trgdev.com/typhoon-lite/marketplace_categories/bestbuy_categories.git
https://gitlab.trgdev.com/typhoon-projects/iaai_api.git: https://gitlab.trgdev.com/typhoon-lite/marketplace_categories/bestbuy_categories.git
https://gitlab.trgdev.com/typhoon-projects/copart.git: https://gitlab.trgdev.com/typhoon-lite/marketplace_categories/bestbuy_categories.git
https://gitlab.trgdev.com/typhoon-projects/aam_data.git: https://gitlab.trgdev.com/typhoon-lite/marketplace_categories/bestbuy_categories.git
https://gitlab.trgdev.com/mtikhanovskiy/frontend-builder.git: https://gitlab.trgdev.com/typhoon-lite/marketplace_categories/bestbuy_categories.git
https://gitlab.trgdev.com/dkaigorodov/r1.gridengine.taskmanager.git: https://gitlab.trgdev.com/typhoon-lite/marketplace_categories/bestbuy_categories.git
https://gitlab.trgdev.com/mtikhanovskiy/listing-rules-demo.git: https://gitlab.trgdev.com/typhoon-lite/marketplace_categories/bestbuy_categories.git
https://gitlab.trgdev.com/dkrishtal/R1.ListingPriceProvider.git: https://gitlab.trgdev.com/typhoon-lite/marketplace_categories/bestbuy_categories.git
https://gitlab.trgdev.com/qa/autotesting.git: https://gitlab.trgdev.com/typhoon-lite/marketplace_categories/bestbuy_categories.git
https://gitlab.trgdev.com/thor/auto-devops.git: https://gitlab.trgdev.com/typhoon-lite/marketplace_categories/bestbuy_categories.git
https://gitlab.trgdev.com/infrastructure/auto-deploy-image.git: https://gitlab.trgdev.com/typhoon-lite/marketplace_categories/bestbuy_categories.git
https://gitlab.trgdev.com/infrastructure/auto-build-image.git: https://gitlab.trgdev.com/typhoon-lite/marketplace_categories/bestbuy_categories.git
https://gitlab.trgdev.com/thor/fix-versions-discovery.git: https://gitlab.trgdev.com/typhoon-lite/marketplace_categories/bestbuy_categories.git
https://gitlab.trgdev.com/infrastructure/training-materials/monitoring-with-prometheus.git: https://gitlab.trgdev.com/typhoon-lite/marketplace_categories/bestbuy_categories.git
https://gitlab.trgdev.com/infrastructure/training-materials/k8s-101.git: https://gitlab.trgdev.com/typhoon-lite/marketplace_categories/bestbuy_categories.git
https://gitlab.trgdev.com/infrastructure/paas-demo/thor-csharp-with-metrics.git: https://gitlab.trgdev.com/typhoon-lite/marketplace_categories/bestbuy_categories.git
https://gitlab.trgdev.com/infrastructure/paas-demo/sample-dotnet-with-prometheus.git: https://gitlab.trgdev.com/typhoon-lite/marketplace_categories/bestbuy_categories.git
https://gitlab.trgdev.com/infrastructure/training-materials/empty-helm-chart.git: https://gitlab.trgdev.com/typhoon-lite/marketplace_categories/bestbuy_categories.git
https://gitlab.trgdev.com/infrastructure/training-materials/docker-201.git: https://gitlab.trgdev.com/typhoon-lite/marketplace_categories/bestbuy_categories.git
https://gitlab.trgdev.com/infrastructure/training-materials/docker-101.git: https://gitlab.trgdev.com/typhoon-lite/marketplace_categories/bestbuy_categories.git
https://gitlab.trgdev.com/infrastructure/paas-demo/html-site.git: https://gitlab.trgdev.com/typhoon-lite/marketplace_categories/bestbuy_categories.git
https://gitlab.trgdev.com/infrastructure/paas-demo/webapp.git: https://gitlab.trgdev.com/typhoon-lite/marketplace_categories/bestbuy_categories.git
https://gitlab.trgdev.com/devops/azure-rg-config.git: https://gitlab.trgdev.com/typhoon-lite/marketplace_categories/bestbuy_categories.git
https://gitlab.trgdev.com/dockers/custom-thumbor.git: https://gitlab.trgdev.com/typhoon-lite/marketplace_categories/bestbuy_categories.git
https://gitlab.trgdev.com/infrastructure/traefik.git: https://gitlab.trgdev.com/typhoon-lite/marketplace_categories/bestbuy_categories.git
https://gitlab.trgdev.com/infrastructure/configs/clone-wl.git: https://gitlab.trgdev.com/typhoon-lite/marketplace_categories/bestbuy_categories.git
https://gitlab.trgdev.com/auto-auction-mall/services/cron-executor.git: https://gitlab.trgdev.com/typhoon-lite/marketplace_categories/bestbuy_categories.git
https://gitlab.trgdev.com/auto-auction-mall/services/mail-sender.git: https://gitlab.trgdev.com/typhoon-lite/marketplace_categories/bestbuy_categories.git
https://gitlab.trgdev.com/auto-auction-mall/aam-documentation.git: https://gitlab.trgdev.com/typhoon-lite/marketplace_categories/bestbuy_categories.git
https://gitlab.trgdev.com/devops/zabbix-docker-monitoring.git: https://gitlab.trgdev.com/typhoon-lite/marketplace_categories/bestbuy_categories.git
https://gitlab.trgdev.com/infrastructure/configs/ssh-keys.git: https://gitlab.trgdev.com/typhoon-lite/marketplace_categories/bestbuy_categories.git
https://gitlab.trgdev.com/devops/training/slurm.git: https://gitlab.trgdev.com/typhoon-lite/marketplace_categories/bestbuy_categories.git
https://gitlab.trgdev.com/devops/nginx-consul-svc.git: https://gitlab.trgdev.com/typhoon-lite/marketplace_categories/bestbuy_categories.git
https://gitlab.trgdev.com/auto-auction-mall/services/monitoring.git: https://gitlab.trgdev.com/typhoon-lite/marketplace_categories/bestbuy_categories.git
https://gitlab.trgdev.com/auto-auction-mall/services/laravel-boilerplate.git: https://gitlab.trgdev.com/typhoon-lite/marketplace_categories/bestbuy_categories.git
https://gitlab.trgdev.com/auto-auction-mall/services/orders.git: https://gitlab.trgdev.com/typhoon-lite/marketplace_categories/bestbuy_categories.git
https://gitlab.trgdev.com/webinars/php-webinars.git: https://gitlab.trgdev.com/typhoon-lite/marketplace_categories/bestbuy_categories.git
https://gitlab.trgdev.com/auto-auction-mall/services/invoice-ninja.git: https://gitlab.trgdev.com/typhoon-lite/marketplace_categories/bestbuy_categories.git
https://gitlab.trgdev.com/infrastructure/dockers/sentry.git: https://gitlab.trgdev.com/typhoon-lite/marketplace_categories/bestbuy_categories.git
https://gitlab.trgdev.com/infrastructure/auto-devops.git: https://gitlab.trgdev.com/typhoon-lite/marketplace_categories/bestbuy_categories.git
https://gitlab.trgdev.com/infrastructure/charts.git: https://gitlab.trgdev.com/typhoon-lite/marketplace_categories/bestbuy_categories.git
https://gitlab.trgdev.com/myarosh/issues.git: https://gitlab.trgdev.com/typhoon-lite/marketplace_categories/bestbuy_categories.git
https://gitlab.trgdev.com/sshupilkin/gitlab-pages-demo.git: https://gitlab.trgdev.com/typhoon-lite/marketplace_categories/bestbuy_categories.git
https://gitlab.trgdev.com/auto-auction-mall/react-based-admin.git: https://gitlab.trgdev.com/typhoon-lite/marketplace_categories/bestbuy_categories.git
https://gitlab.trgdev.com/auto-auction-mall/services/auth.git: https://gitlab.trgdev.com/typhoon-lite/marketplace_categories/bestbuy_categories.git
https://gitlab.trgdev.com/auto-auction-mall/aam-chart.git: https://gitlab.trgdev.com/typhoon-lite/marketplace_categories/bestbuy_categories.git
https://gitlab.trgdev.com/aantipov/playn-html.git: https://gitlab.trgdev.com/typhoon-lite/marketplace_categories/bestbuy_categories.git
https://gitlab.trgdev.com/trg-tools/r1.reminingtimemanager.git: https://gitlab.trgdev.com/typhoon-lite/marketplace_categories/bestbuy_categories.git
https://gitlab.trgdev.com/auto-auction-mall/services/car-report.git: https://gitlab.trgdev.com/typhoon-lite/marketplace_categories/bestbuy_categories.git
https://gitlab.trgdev.com/sshupilkin/helm-chart-demo.git: https://gitlab.trgdev.com/typhoon-lite/marketplace_categories/bestbuy_categories.git
https://gitlab.trgdev.com/sshupilkin/docker-slim-demo.git: https://gitlab.trgdev.com/typhoon-lite/marketplace_categories/bestbuy_categories.git
https://gitlab.trgdev.com/hulq/coding/demo-auth.git: https://gitlab.trgdev.com/typhoon-lite/marketplace_categories/bestbuy_categories.git
https://gitlab.trgdev.com/sshupilkin/elastic-beanstalk-php--app.git: https://gitlab.trgdev.com/typhoon-lite/marketplace_categories/bestbuy_categories.git
https://gitlab.trgdev.com/gotrg-public/utilities/mscan-api-client.git: https://gitlab.trgdev.com/typhoon-lite/marketplace_categories/bestbuy_categories.git
https://gitlab.trgdev.com/sshupilkin/go-proxy.git: https://gitlab.trgdev.com/typhoon-lite/marketplace_categories/bestbuy_categories.git
https://gitlab.trgdev.com/gotrg-public/utilities/common-client-models.git: https://gitlab.trgdev.com/typhoon-lite/marketplace_categories/bestbuy_categories.git
https://gitlab.trgdev.com/dockers/php.git: https://gitlab.trgdev.com/typhoon-lite/marketplace_categories/bestbuy_categories.git
https://gitlab.trgdev.com/gotrg-public/utilities/700credit-api-client.git: https://gitlab.trgdev.com/typhoon-lite/marketplace_categories/bestbuy_categories.git
https://gitlab.trgdev.com/gotrg-public/utilities/kbb-api-client.git: https://gitlab.trgdev.com/typhoon-lite/marketplace_categories/bestbuy_categories.git
https://gitlab.trgdev.com/gotrg-public/utilities/chromedata-api-client.git: https://gitlab.trgdev.com/typhoon-lite/marketplace_categories/bestbuy_categories.git
https://gitlab.trgdev.com/gotrg-public/utilities/health-checker-lib.git: https://gitlab.trgdev.com/typhoon-lite/marketplace_categories/bestbuy_categories.git
https://gitlab.trgdev.com/aantipov/laravel-in-docker.git: https://gitlab.trgdev.com/typhoon-lite/marketplace_categories/bestbuy_categories.git
https://gitlab.trgdev.com/dockers/dotnet-sample-app.git: https://gitlab.trgdev.com/typhoon-lite/marketplace_categories/bestbuy_categories.git
https://gitlab.trgdev.com/alexei/postgres-test.git: https://gitlab.trgdev.com/typhoon-lite/marketplace_categories/bestbuy_categories.git
https://gitlab.trgdev.com/dockers/python-autotests.git: https://gitlab.trgdev.com/typhoon-lite/marketplace_categories/bestbuy_categories.git
https://gitlab.trgdev.com/gotrg-public/utilities/laravel-admin-lib.git: https://gitlab.trgdev.com/typhoon-lite/marketplace_categories/bestbuy_categories.git
https://gitlab.trgdev.com/sshupilkin/go-project.git: https://gitlab.trgdev.com/typhoon-lite/marketplace_categories/bestbuy_categories.git
https://gitlab.trgdev.com/sshupilkin/test-kubernetes.git: https://gitlab.trgdev.com/typhoon-lite/marketplace_categories/bestbuy_categories.git
https://gitlab.trgdev.com/auto-auction-mall/react-based.git: https://gitlab.trgdev.com/typhoon-lite/marketplace_categories/bestbuy_categories.git
https://gitlab.trgdev.com/typhoon/frontend.git: https://gitlab.trgdev.com/typhoon-lite/marketplace_categories/bestbuy_categories.git
https://gitlab.trgdev.com/sshibalov/hulq-android-app.git: https://gitlab.trgdev.com/typhoon-lite/marketplace_categories/bestbuy_categories.git
https://gitlab.trgdev.com/sshupilkin/graphql-demo.git: https://gitlab.trgdev.com/typhoon-lite/marketplace_categories/bestbuy_categories.git
https://gitlab.trgdev.com/directliquidation/private-area.git: https://gitlab.trgdev.com/typhoon-lite/marketplace_categories/bestbuy_categories.git
https://gitlab.trgdev.com/dockers/sentry.git: https://gitlab.trgdev.com/typhoon-lite/marketplace_categories/bestbuy_categories.git
https://gitlab.trgdev.com/auto-auction-mall/db-restoration.git: https://gitlab.trgdev.com/typhoon-lite/marketplace_categories/bestbuy_categories.git
https://gitlab.trgdev.com/dockers/postal.git: https://gitlab.trgdev.com/typhoon-lite/marketplace_categories/bestbuy_categories.git
https://gitlab.trgdev.com/typhoon/result_transporter.git: https://gitlab.trgdev.com/typhoon-lite/marketplace_categories/bestbuy_categories.git
https://gitlab.trgdev.com/typhoon/discovery.git: https://gitlab.trgdev.com/typhoon-lite/marketplace_categories/bestbuy_categories.git
https://gitlab.trgdev.com/ilya/notifications.git: https://gitlab.trgdev.com/typhoon-lite/marketplace_categories/bestbuy_categories.git
https://gitlab.trgdev.com/gotrg-public/utilities/graphql-lib.git: https://gitlab.trgdev.com/typhoon-lite/marketplace_categories/bestbuy_categories.git
https://gitlab.trgdev.com/typhoon/documentation.git: https://gitlab.trgdev.com/typhoon-lite/marketplace_categories/bestbuy_categories.git
https://gitlab.trgdev.com/typhoon/scheduler.git: https://gitlab.trgdev.com/typhoon-lite/marketplace_categories/bestbuy_categories.git
https://gitlab.trgdev.com/typhoon/deployer.git: https://gitlab.trgdev.com/typhoon-lite/marketplace_categories/bestbuy_categories.git
https://gitlab.trgdev.com/typhoon/typhoon.git: https://gitlab.trgdev.com/typhoon-lite/marketplace_categories/bestbuy_categories.git
https://gitlab.trgdev.com/typhoon/project.git: https://gitlab.trgdev.com/typhoon-lite/marketplace_categories/bestbuy_categories.git
https://gitlab.trgdev.com/typhoon/processor.git: https://gitlab.trgdev.com/typhoon-lite/marketplace_categories/bestbuy_categories.git
https://gitlab.trgdev.com/sshupilkin/jwt-token.git: https://gitlab.trgdev.com/typhoon-lite/marketplace_categories/bestbuy_categories.git
https://gitlab.trgdev.com/gotrg-public/containers/usefull-dockerfiles.git: https://gitlab.trgdev.com/typhoon-lite/marketplace_categories/bestbuy_categories.git
https://gitlab.trgdev.com/gotrg-public/utilities/graphql-query.git: https://gitlab.trgdev.com/typhoon-lite/marketplace_categories/bestbuy_categories.git
https://gitlab.trgdev.com/gotrg-public/utilities/laravel-mongodb.git: https://gitlab.trgdev.com/typhoon-lite/marketplace_categories/bestbuy_categories.git
https://gitlab.trgdev.com/gotrg-public/utilities/monolog-http-handler.git: https://gitlab.trgdev.com/typhoon-lite/marketplace_categories/bestbuy_categories.git
https://gitlab.trgdev.com/typhoon/webui.git: https://gitlab.trgdev.com/typhoon-lite/marketplace_categories/bestbuy_categories.git
https://gitlab.trgdev.com/typhoon/fetcher.git: https://gitlab.trgdev.com/typhoon-lite/marketplace_categories/bestbuy_categories.git
https://gitlab.trgdev.com/gotrg-public/utilities/php-cs-fixer.git: https://gitlab.trgdev.com/typhoon-lite/marketplace_categories/bestbuy_categories.git
https://gitlab.trgdev.com/gotrg/deployment/mms.git: https://gitlab.trgdev.com/typhoon-lite/marketplace_categories/bestbuy_categories.git
https://gitlab.trgdev.com/dockers/php-nginx.git: https://gitlab.trgdev.com/typhoon-lite/marketplace_categories/bestbuy_categories.git
https://gitlab.trgdev.com/vfedorov/k8s-deploy-test.git: https://gitlab.trgdev.com/typhoon-lite/marketplace_categories/bestbuy_categories.git
https://gitlab.trgdev.com/auto-auction-mall/sync-emails.git: https://gitlab.trgdev.com/typhoon-lite/marketplace_categories/bestbuy_categories.git
https://gitlab.trgdev.com/ilya/xcart-dev.git: https://gitlab.trgdev.com/typhoon-lite/marketplace_categories/bestbuy_categories.git
https://gitlab.trgdev.com/dockers/node-with-meteor.git: https://gitlab.trgdev.com/typhoon-lite/marketplace_categories/bestbuy_categories.git
https://gitlab.trgdev.com/hulq/documentation/providers.git: https://gitlab.trgdev.com/typhoon-lite/marketplace_categories/bestbuy_categories.git
https://gitlab.trgdev.com/hulq/coding/common-lib.git: https://gitlab.trgdev.com/typhoon-lite/marketplace_categories/bestbuy_categories.git
https://gitlab.trgdev.com/dimav/proxy_rotator.git: https://gitlab.trgdev.com/typhoon-lite/marketplace_categories/bestbuy_categories.git
https://gitlab.trgdev.com/vfedorov/listing-service-api-contract.git: https://gitlab.trgdev.com/typhoon-lite/marketplace_categories/bestbuy_categories.git
https://gitlab.trgdev.com/auto-auction-mall/landing-pages.git: https://gitlab.trgdev.com/typhoon-lite/marketplace_categories/bestbuy_categories.git
https://gitlab.trgdev.com/Artex/services-base.git: https://gitlab.trgdev.com/typhoon-lite/marketplace_categories/bestbuy_categories.git
https://gitlab.trgdev.com/deploy/k8s-helm.git: https://gitlab.trgdev.com/typhoon-lite/marketplace_categories/bestbuy_categories.git
https://gitlab.trgdev.com/dockers/meteor.git: https://gitlab.trgdev.com/typhoon-lite/marketplace_categories/bestbuy_categories.git
https://gitlab.trgdev.com/dockers/alpine-meteor.git: https://gitlab.trgdev.com/typhoon-lite/marketplace_categories/bestbuy_categories.git
https://gitlab.trgdev.com/deploy/kubernetes.git: https://gitlab.trgdev.com/typhoon-lite/marketplace_categories/bestbuy_categories.git
https://gitlab.trgdev.com/Artex/trg-ad-server.git: https://gitlab.trgdev.com/typhoon-lite/marketplace_categories/bestbuy_categories.git
https://gitlab.trgdev.com/aantipov/wp-clean.git: https://gitlab.trgdev.com/typhoon-lite/marketplace_categories/bestbuy_categories.git
https://gitlab.trgdev.com/yumashev/wp-clean.git: https://gitlab.trgdev.com/typhoon-lite/marketplace_categories/bestbuy_categories.git
https://gitlab.trgdev.com/Artex/wp-clean.git: https://gitlab.trgdev.com/typhoon-lite/marketplace_categories/bestbuy_categories.git
https://gitlab.trgdev.com/auto-auction-mall/indexer_worker.git: https://gitlab.trgdev.com/typhoon-lite/marketplace_categories/bestbuy_categories.git
https://gitlab.trgdev.com/dimav/aam_stress_test.git: https://gitlab.trgdev.com/typhoon-lite/marketplace_categories/bestbuy_categories.git
https://gitlab.trgdev.com/yumashev/trace-wp.git: https://gitlab.trgdev.com/typhoon-lite/marketplace_categories/bestbuy_categories.git
https://gitlab.trgdev.com/yumashev/vowcria.git: https://gitlab.trgdev.com/typhoon-lite/marketplace_categories/bestbuy_categories.git
https://gitlab.trgdev.com/virtuman/locust.git: https://gitlab.trgdev.com/typhoon-lite/marketplace_categories/bestbuy_categories.git
https://gitlab.trgdev.com/auto-auction-mall/test-angular-app.git: https://gitlab.trgdev.com/typhoon-lite/marketplace_categories/bestbuy_categories.git
https://gitlab.trgdev.com/auto-auction-mall/naming-convention.git: https://gitlab.trgdev.com/typhoon-lite/marketplace_categories/bestbuy_categories.git
https://gitlab.trgdev.com/virtuman/testci2.git: https://gitlab.trgdev.com/typhoon-lite/marketplace_categories/bestbuy_categories.git
https://gitlab.trgdev.com/dockers/thumbor.git: https://gitlab.trgdev.com/typhoon-lite/marketplace_categories/bestbuy_categories.git
https://gitlab.trgdev.com/auto-auction-mall/learning-center.git: https://gitlab.trgdev.com/typhoon-lite/marketplace_categories/bestbuy_categories.git
https://gitlab.trgdev.com/auto-auction-mall/admin-project.git: https://gitlab.trgdev.com/typhoon-lite/marketplace_categories/bestbuy_categories.git
https://gitlab.trgdev.com/auto-auction-mall/test-version.git: https://gitlab.trgdev.com/typhoon-lite/marketplace_categories/bestbuy_categories.git
https://gitlab.trgdev.com/auto-auction-mall/production-site.git: https://gitlab.trgdev.com/typhoon-lite/marketplace_categories/bestbuy_categories.git
https://gitlab.trgdev.com/auto-auction-mall/html-template.git: https://gitlab.trgdev.com/typhoon-lite/marketplace_categories/bestbuy_categories.git
https://gitlab.trgdev.com/thestore/magento-Cm_Cache_Backend_Redis.git: https://gitlab.trgdev.com/typhoon-lite/marketplace_categories/bestbuy_categories.git
https://gitlab.trgdev.com/thestore/magento-Cm_RedisSession.git: https://gitlab.trgdev.com/typhoon-lite/marketplace_categories/bestbuy_categories.git
https://gitlab.trgdev.com/thestore/affiliate-manager.git: https://gitlab.trgdev.com/typhoon-lite/marketplace_categories/bestbuy_categories.git
https://gitlab.trgdev.com/thestore/thumbor.git: https://gitlab.trgdev.com/typhoon-lite/marketplace_categories/bestbuy_categories.git
https://gitlab.trgdev.com/thestore/pyspider.git: https://gitlab.trgdev.com/typhoon-lite/marketplace_categories/bestbuy_categories.git
https://gitlab.trgdev.com/thestore/pyspider-binux.git: https://gitlab.trgdev.com/typhoon-lite/marketplace_categories/bestbuy_categories.git
https://gitlab.trgdev.com/thestore/pyspider-old.git: https://gitlab.trgdev.com/typhoon-lite/marketplace_categories/bestbuy_categories.git
https://gitlab.trgdev.com/thestore/data-pyspider-libs.git: https://gitlab.trgdev.com/typhoon-lite/marketplace_categories/bestbuy_categories.git
https://gitlab.trgdev.com/thestore/thestore-pyspider.git: https://gitlab.trgdev.com/typhoon-lite/marketplace_categories/bestbuy_categories.git
https://gitlab.trgdev.com/thestore/thestore-category-mapping.git: https://gitlab.trgdev.com/typhoon-lite/marketplace_categories/bestbuy_categories.git
https://gitlab.trgdev.com/thestore/yarn-tmp.git: https://gitlab.trgdev.com/typhoon-lite/marketplace_categories/bestbuy_categories.git
https://gitlab.trgdev.com/thestore/importer-standartization-enrichment.git: https://gitlab.trgdev.com/typhoon-lite/marketplace_categories/bestbuy_categories.git
https://gitlab.trgdev.com/thestore/importer-pyspider.git: https://gitlab.trgdev.com/typhoon-lite/marketplace_categories/bestbuy_categories.git
https://gitlab.trgdev.com/thestore/importer-parsers.git: https://gitlab.trgdev.com/typhoon-lite/marketplace_categories/bestbuy_categories.git
https://gitlab.trgdev.com/thestore/importer-scrapy-scraper.git: https://gitlab.trgdev.com/typhoon-lite/marketplace_categories/bestbuy_categories.git
https://gitlab.trgdev.com/thestore/magento-1-9-1-0-sample.git: https://gitlab.trgdev.com/typhoon-lite/marketplace_categories/bestbuy_categories.git
https://gitlab.trgdev.com/thestore/thestore.ce.git: https://gitlab.trgdev.com/typhoon-lite/marketplace_categories/bestbuy_categories.git
https://gitlab.trgdev.com/thestore/votifyapp-template.git: https://gitlab.trgdev.com/typhoon-lite/marketplace_categories/bestbuy_categories.git
https://gitlab.trgdev.com/thestore/api.caller.git: https://gitlab.trgdev.com/typhoon-lite/marketplace_categories/bestbuy_categories.git
https://gitlab.trgdev.com/thestore/thestore.enterprise.114.udp.git: https://gitlab.trgdev.com/typhoon-lite/marketplace_categories/bestbuy_categories.git
https://gitlab.trgdev.com/thestore/thestore.template.git: https://gitlab.trgdev.com/typhoon-lite/marketplace_categories/bestbuy_categories.git
https://gitlab.trgdev.com/thestore/stylevote-mobile-android.git: https://gitlab.trgdev.com/typhoon-lite/marketplace_categories/bestbuy_categories.git
https://gitlab.trgdev.com/thestore/stylevote.serverapp.git: https://gitlab.trgdev.com/typhoon-lite/marketplace_categories/bestbuy_categories.git
https://gitlab.trgdev.com/thestore/stylevote.mobile.iphone.git: https://gitlab.trgdev.com/typhoon-lite/marketplace_categories/bestbuy_categories.git
https://gitlab.trgdev.com/thestore/thestore.magento.theme.v2.git: https://gitlab.trgdev.com/typhoon-lite/marketplace_categories/bestbuy_categories.git
https://gitlab.trgdev.com/thestore/thestore.notifications.git: https://gitlab.trgdev.com/typhoon-lite/marketplace_categories/bestbuy_categories.git
https://gitlab.trgdev.com/thestore/thestore.kirill.html.git: https://gitlab.trgdev.com/typhoon-lite/marketplace_categories/bestbuy_categories.git
https://gitlab.trgdev.com/thestore/thestore.production.git: https://gitlab.trgdev.com/typhoon-lite/marketplace_categories/bestbuy_categories.git
https://gitlab.trgdev.com/thestore/thestore.magmi.git: https://gitlab.trgdev.com/typhoon-lite/marketplace_categories/bestbuy_categories.git
https://gitlab.trgdev.com/thestore/thestore.lookup.git: https://gitlab.trgdev.com/typhoon-lite/marketplace_categories/bestbuy_categories.git
https://gitlab.trgdev.com/thestore/thestore.feed_processing.git: https://gitlab.trgdev.com/typhoon-lite/marketplace_categories/bestbuy_categories.git
https://gitlab.trgdev.com/thestore/thestore.dev-tools.git: https://gitlab.trgdev.com/typhoon-lite/marketplace_categories/bestbuy_categories.git
https://gitlab.trgdev.com/thestore/thestore.cakephp.git: https://gitlab.trgdev.com/typhoon-lite/marketplace_categories/bestbuy_categories.git
https://gitlab.trgdev.com/thestore/thestore.solr.git: https://gitlab.trgdev.com/typhoon-lite/marketplace_categories/bestbuy_categories.git
https://gitlab.trgdev.com/thestore/thestore.server-etc-configs.git: https://gitlab.trgdev.com/typhoon-lite/marketplace_categories/bestbuy_categories.git
https://gitlab.trgdev.com/thestore/thestore.blog.git: https://gitlab.trgdev.com/typhoon-lite/marketplace_categories/bestbuy_categories.git
Config: cluster.local.yaml
cluster projects : 2
[{Name:ebay_categories_v2 path: Branch:xml-mobile-api Git:https://gitlab.trgdev.com/typhoon-lite/marketplace_categories/ebay_categories.git Remote:trg GitlabId:0} {Name:bestbuy_categories_v2 path: Branch:api-key Git:https://gitlab.trgdev.com/typhoon-lite/marketplace_categories/bestbuy_categories.git Remote:origin GitlabId:0}]
